  [1m[35m (237.0ms)[0m  [1m[35mCREATE DATABASE "reddit_clone_development" ENCODING = 'unicode'[0m
  ↳ bin/rails:9
  [1m[35m (92.9ms)[0m  [1m[35mCREATE DATABASE "reddit_clone_test" ENCODING = 'unicode'[0m
  ↳ bin/rails:9
  [1m[35m (6.2ms)[0m  [1m[35mCREATE TABLE "schema_migrations" ("version" character varying NOT NULL PRIMARY KEY)[0m
  ↳ bin/rails:9
  [1m[35m (4.0ms)[0m  [1m[35mCREATE TABLE "ar_internal_metadata" ("key" character varying NOT NULL PRIMARY KEY, "value" character varying, "created_at" timestamp NOT NULL, "updated_at" timestamp NOT NULL)[0m
  ↳ bin/rails:9
  [1m[35m (0.2ms)[0m  [1m[34mSELECT pg_try_advisory_lock(688274183373989625)[0m
  ↳ bin/rails:9
  [1m[35m (0.6ms)[0m  [1m[34mSELECT "schema_migrations"."version" FROM "schema_migrations" ORDER BY "schema_migrations"."version" ASC[0m
  ↳ bin/rails:9
Migrating to CreateUser (20200629144921)
  [1m[35m (0.2ms)[0m  [1m[35mBEGIN[0m
  ↳ bin/rails:9
  [1m[35m (5.5ms)[0m  [1m[35mCREATE TABLE "users" ("id" bigserial primary key, "username" character varying NOT NULL, "password_digest" character varying NOT NULL, "session_token" character varying NOT NULL, "created_at" timestamp NOT NULL, "updated_at" timestamp NOT NULL)[0m
  ↳ db/migrate/20200629144921_create_user.rb:3
  [1m[36mActiveRecord::SchemaMigration Create (0.6ms)[0m  [1m[32mINSERT INTO "schema_migrations" ("version") VALUES ($1) RETURNING "version"[0m  [["version", "20200629144921"]]
  ↳ bin/rails:9
  [1m[35m (0.5ms)[0m  [1m[35mCOMMIT[0m
  ↳ bin/rails:9
  [1m[36mActiveRecord::InternalMetadata Load (0.5ms)[0m  [1m[34mSELECT  "ar_internal_metadata".* FROM "ar_internal_metadata" WHERE "ar_internal_metadata"."key" = $1 LIMIT $2[0m  [["key", "environment"], ["LIMIT", 1]]
  ↳ bin/rails:9
  [1m[35m (0.2ms)[0m  [1m[35mBEGIN[0m
  ↳ bin/rails:9
  [1m[36mActiveRecord::InternalMetadata Create (0.5ms)[0m  [1m[32mINSERT INTO "ar_internal_metadata" ("key", "value", "created_at", "updated_at") VALUES ($1, $2, $3, $4) RETURNING "key"[0m  [["key", "environment"], ["value", "development"], ["created_at", "2020-06-29 14:52:26.496292"], ["updated_at", "2020-06-29 14:52:26.496292"]]
  ↳ bin/rails:9
  [1m[35m (0.4ms)[0m  [1m[35mCOMMIT[0m
  ↳ bin/rails:9
  [1m[35m (0.3ms)[0m  [1m[34mSELECT pg_advisory_unlock(688274183373989625)[0m
  ↳ bin/rails:9
  [1m[35m (0.3ms)[0m  [1m[34mSELECT "schema_migrations"."version" FROM "schema_migrations" ORDER BY "schema_migrations"."version" ASC[0m
  ↳ bin/rails:9
  [1m[35m (0.2ms)[0m  [1m[34mSELECT pg_try_advisory_lock(688274183373989625)[0m
  ↳ bin/rails:9
  [1m[35m (1.4ms)[0m  [1m[34mSELECT "schema_migrations"."version" FROM "schema_migrations" ORDER BY "schema_migrations"."version" ASC[0m
  ↳ bin/rails:9
Migrating to CreateSubs (20200629153247)
  [1m[35m (0.2ms)[0m  [1m[35mBEGIN[0m
  ↳ bin/rails:9
  [1m[35m (6.7ms)[0m  [1m[35mCREATE TABLE "subs" ("id" bigserial primary key, "title" character varying NOT NULL, "description" text NOT NULL, "moderator_id" integer NOT NULL, "created_at" timestamp NOT NULL, "updated_at" timestamp NOT NULL)[0m
  ↳ db/migrate/20200629153247_create_subs.rb:3
  [1m[35m (1.2ms)[0m  [1m[35mCREATE  INDEX  "index_subs_on_moderator_id" ON "subs"  ("moderator_id")[0m
  ↳ db/migrate/20200629153247_create_subs.rb:10
  [1m[36mActiveRecord::SchemaMigration Create (0.6ms)[0m  [1m[32mINSERT INTO "schema_migrations" ("version") VALUES ($1) RETURNING "version"[0m  [["version", "20200629153247"]]
  ↳ bin/rails:9
  [1m[35m (3.3ms)[0m  [1m[35mCOMMIT[0m
  ↳ bin/rails:9
  [1m[36mActiveRecord::InternalMetadata Load (2.9ms)[0m  [1m[34mSELECT  "ar_internal_metadata".* FROM "ar_internal_metadata" WHERE "ar_internal_metadata"."key" = $1 LIMIT $2[0m  [["key", "environment"], ["LIMIT", 1]]
  ↳ bin/rails:9
  [1m[35m (0.2ms)[0m  [1m[35mBEGIN[0m
  ↳ bin/rails:9
  [1m[35m (0.2ms)[0m  [1m[35mCOMMIT[0m
  ↳ bin/rails:9
  [1m[35m (0.3ms)[0m  [1m[34mSELECT pg_advisory_unlock(688274183373989625)[0m
  ↳ bin/rails:9
  [1m[35m (0.3ms)[0m  [1m[34mSELECT "schema_migrations"."version" FROM "schema_migrations" ORDER BY "schema_migrations"."version" ASC[0m
  ↳ bin/rails:9
  [1m[35m (0.2ms)[0m  [1m[34mSELECT pg_try_advisory_lock(688274183373989625)[0m
  ↳ bin/rails:9
  [1m[35m (0.7ms)[0m  [1m[34mSELECT "schema_migrations"."version" FROM "schema_migrations" ORDER BY "schema_migrations"."version" ASC[0m
  ↳ bin/rails:9
Migrating to CreatePosts (20200629182130)
  [1m[35m (0.1ms)[0m  [1m[35mBEGIN[0m
  ↳ bin/rails:9
  [1m[35m (16.9ms)[0m  [1m[35mCREATE TABLE "posts" ("id" bigserial primary key, "title" character varying NOT NULL, "url" character varying, "content" text, "sub_id" integer NOT NULL, "author_id" integer NOT NULL, "created_at" timestamp NOT NULL, "updated_at" timestamp NOT NULL)[0m
  ↳ db/migrate/20200629182130_create_posts.rb:3
  [1m[36mActiveRecord::SchemaMigration Create (0.4ms)[0m  [1m[32mINSERT INTO "schema_migrations" ("version") VALUES ($1) RETURNING "version"[0m  [["version", "20200629182130"]]
  ↳ bin/rails:9
  [1m[35m (1.1ms)[0m  [1m[35mCOMMIT[0m
  ↳ bin/rails:9
  [1m[36mActiveRecord::InternalMetadata Load (4.4ms)[0m  [1m[34mSELECT  "ar_internal_metadata".* FROM "ar_internal_metadata" WHERE "ar_internal_metadata"."key" = $1 LIMIT $2[0m  [["key", "environment"], ["LIMIT", 1]]
  ↳ bin/rails:9
  [1m[35m (0.3ms)[0m  [1m[35mBEGIN[0m
  ↳ bin/rails:9
  [1m[35m (0.2ms)[0m  [1m[35mCOMMIT[0m
  ↳ bin/rails:9
  [1m[35m (0.2ms)[0m  [1m[34mSELECT pg_advisory_unlock(688274183373989625)[0m
  ↳ bin/rails:9
  [1m[35m (0.3ms)[0m  [1m[34mSELECT "schema_migrations"."version" FROM "schema_migrations" ORDER BY "schema_migrations"."version" ASC[0m
  ↳ bin/rails:9
  [1m[35m (0.2ms)[0m  [1m[34mSELECT pg_try_advisory_lock(688274183373989625)[0m
  ↳ bin/rails:9
  [1m[35m (0.7ms)[0m  [1m[34mSELECT "schema_migrations"."version" FROM "schema_migrations" ORDER BY "schema_migrations"."version" ASC[0m
  ↳ bin/rails:9
Migrating to CreatePostSubs (20200629200752)
  [1m[35m (0.1ms)[0m  [1m[35mBEGIN[0m
  ↳ bin/rails:9
  [1m[35m (7.7ms)[0m  [1m[35mCREATE TABLE "post_subs" ("id" bigserial primary key, "post_id" integer, "sub_id" integer NOT NULL, "created_at" timestamp NOT NULL, "updated_at" timestamp NOT NULL)[0m
  ↳ db/migrate/20200629200752_create_post_subs.rb:3
  [1m[35m (5.4ms)[0m  [1m[35mCREATE UNIQUE INDEX  "index_post_subs_on_sub_id_and_post_id" ON "post_subs"  ("sub_id", "post_id")[0m
  ↳ db/migrate/20200629200752_create_post_subs.rb:9
  [1m[36mActiveRecord::SchemaMigration Create (0.3ms)[0m  [1m[32mINSERT INTO "schema_migrations" ("version") VALUES ($1) RETURNING "version"[0m  [["version", "20200629200752"]]
  ↳ bin/rails:9
  [1m[35m (0.7ms)[0m  [1m[35mCOMMIT[0m
  ↳ bin/rails:9
  [1m[36mActiveRecord::InternalMetadata Load (3.9ms)[0m  [1m[34mSELECT  "ar_internal_metadata".* FROM "ar_internal_metadata" WHERE "ar_internal_metadata"."key" = $1 LIMIT $2[0m  [["key", "environment"], ["LIMIT", 1]]
  ↳ bin/rails:9
  [1m[35m (0.2ms)[0m  [1m[35mBEGIN[0m
  ↳ bin/rails:9
  [1m[35m (0.1ms)[0m  [1m[35mCOMMIT[0m
  ↳ bin/rails:9
  [1m[35m (0.2ms)[0m  [1m[34mSELECT pg_advisory_unlock(688274183373989625)[0m
  ↳ bin/rails:9
  [1m[35m (0.4ms)[0m  [1m[34mSELECT "schema_migrations"."version" FROM "schema_migrations" ORDER BY "schema_migrations"."version" ASC[0m
  ↳ bin/rails:9
Started GET "/" for ::1 at 2020-06-29 17:07:19 -0400
  [1m[35m (0.8ms)[0m  [1m[34mSELECT "schema_migrations"."version" FROM "schema_migrations" ORDER BY "schema_migrations"."version" ASC[0m
  ↳ /Users/matthewgreer/.rbenv/versions/2.5.1/lib/ruby/gems/2.5.0/gems/activerecord-5.2.4.3/lib/active_record/log_subscriber.rb:98
Processing by Rails::WelcomeController#index as HTML
  Rendering /Users/matthewgreer/.rbenv/versions/2.5.1/lib/ruby/gems/2.5.0/gems/railties-5.2.4.3/lib/rails/templates/rails/welcome/index.html.erb
  Rendered /Users/matthewgreer/.rbenv/versions/2.5.1/lib/ruby/gems/2.5.0/gems/railties-5.2.4.3/lib/rails/templates/rails/welcome/index.html.erb (2.6ms)
Completed 200 OK in 16ms (Views: 8.8ms | ActiveRecord: 0.0ms)


Started GET "/posts/new" for ::1 at 2020-06-29 17:08:29 -0400
  
SyntaxError (/Users/matthewgreer/Desktop/app_acad/classwork/w8d1/reddit_clone/app/controllers/application_controller.rb:17: syntax error, unexpected ')', expecting keyword_end
        @current)user = user
                ^):
  
app/controllers/application_controller.rb:17: syntax error, unexpected ')', expecting keyword_end
app/controllers/posts_controller.rb:1:in `<top (required)>'
Started GET "/posts/new" for ::1 at 2020-06-29 17:09:20 -0400
Processing by PostsController#new as HTML
  [1m[36mUser Load (3.2ms)[0m  [1m[34mSELECT  "users".* FROM "users" WHERE "users"."session_token" IS NULL LIMIT $1[0m  [["LIMIT", 1]]
  ↳ app/controllers/application_controller.rb:5
Redirected to http://localhost:3000/session/new
Filter chain halted as :require_logged_in! rendered or redirected
Completed 302 Found in 16ms (ActiveRecord: 5.5ms)


Started GET "/session/new" for ::1 at 2020-06-29 17:09:20 -0400
Processing by SessionsController#new as HTML
Completed 500 Internal Server Error in 6ms (ActiveRecord: 0.0ms)


  
ActionView::MissingTemplate (Missing template sessions/new, application/new with {:locale=>[:en], :formats=>[:html], :variants=>[], :handlers=>[:raw, :erb, :html, :builder, :ruby, :coffee, :jbuilder]}. Searched in:
  * "/Users/matthewgreer/Desktop/app_acad/classwork/w8d1/reddit_clone/app/views"
):
  
app/controllers/sessions_controller.rb:6:in `new'
Started GET "/session/new" for ::1 at 2020-06-29 17:10:55 -0400
Processing by SessionsController#new as HTML
  Rendering sessions/new.html.erb within layouts/application
  Rendered sessions/new.html.erb within layouts/application (0.3ms)
Completed 200 OK in 661ms (Views: 660.9ms | ActiveRecord: 0.0ms)


Started GET "/session/new" for ::1 at 2020-06-29 17:17:40 -0400
Processing by SessionsController#new as HTML
  Rendering sessions/new.html.erb within layouts/application
  Rendered sessions/new.html.erb within layouts/application (0.8ms)
Completed 200 OK in 33ms (Views: 32.0ms | ActiveRecord: 0.0ms)


Started GET "/session/new" for ::1 at 2020-06-29 17:20:31 -0400
Processing by SessionsController#new as HTML
  Rendering sessions/new.html.erb within layouts/application
  Rendered sessions/new.html.erb within layouts/application (0.6ms)
Completed 200 OK in 30ms (Views: 29.3ms | ActiveRecord: 0.0ms)


Started GET "/users/new" for ::1 at 2020-06-29 17:20:32 -0400
Processing by UsersController#new as HTML
  Rendering users/new.html.erb within layouts/application
  Rendered users/new.html.erb within layouts/application (0.7ms)
Completed 200 OK in 48ms (Views: 32.7ms | ActiveRecord: 8.1ms)


Started POST "/users" for ::1 at 2020-06-29 17:20:39 -0400
Processing by UsersController#create as HTML
  Parameters: {"authenticity_token"=>"TMEW5vmWm1okmupFWTLozMyycN4KM0y+iyvvBlYss+0cd75oUBI0UAMDzzGuPMMufoTseHt2fekA59wwRKYu8Q==", "user"=>{"username"=>"incompetent@rails.me", "password"=>"[FILTERED]"}}
Completed 500 Internal Server Error in 3ms (ActiveRecord: 0.0ms)


  
NameError (uninitialized constant User::BCrypt):
  
app/models/user.rb:31:in `password='
app/controllers/users_controller.rb:11:in `create'
Started POST "/users" for ::1 at 2020-06-29 17:21:25 -0400
Processing by UsersController#create as HTML
  Parameters: {"authenticity_token"=>"TMEW5vmWm1okmupFWTLozMyycN4KM0y+iyvvBlYss+0cd75oUBI0UAMDzzGuPMMufoTseHt2fekA59wwRKYu8Q==", "user"=>{"username"=>"incompetent@rails.me", "password"=>"[FILTERED]"}}
Completed 500 Internal Server Error in 3ms (ActiveRecord: 0.0ms)


  
NameError (uninitialized constant User::BCrypt):
  
app/models/user.rb:31:in `password='
app/controllers/users_controller.rb:11:in `create'
Started GET "/users/new" for ::1 at 2020-06-29 17:21:50 -0400
  [1m[35m (0.9ms)[0m  [1m[34mSELECT "schema_migrations"."version" FROM "schema_migrations" ORDER BY "schema_migrations"."version" ASC[0m
  ↳ /Users/matthewgreer/.rbenv/versions/2.5.1/lib/ruby/gems/2.5.0/gems/activerecord-5.2.4.3/lib/active_record/log_subscriber.rb:98
Processing by UsersController#new as HTML
  Rendering users/new.html.erb within layouts/application
  Rendered users/new.html.erb within layouts/application (1.6ms)
Completed 200 OK in 271ms (Views: 249.1ms | ActiveRecord: 7.0ms)


Started POST "/users" for ::1 at 2020-06-29 17:21:51 -0400
Processing by UsersController#create as HTML
  Parameters: {"authenticity_token"=>"gBrG/G1X0PE0tjw8Znw5GYfE0rss/7+uwb7EWZcOAGHQrG5yxNN/+xMvGUiRchL7NfJOHV26jvlKcvdvhYSdfQ==", "user"=>{"username"=>"incompetent@rails.me", "password"=>"[FILTERED]"}}
  [1m[35m (0.1ms)[0m  [1m[35mBEGIN[0m
  ↳ app/controllers/users_controller.rb:13
  [1m[36mUser Exists (0.6ms)[0m  [1m[34mSELECT  1 AS one FROM "users" WHERE "users"."session_token" = $1 LIMIT $2[0m  [["session_token", "06G1wHXhV2rQl2XRGgBy7B++uhxbQtyW1DtSaD+FHSI1Q7NcFC3Tzybu0QD72+4Ihyeyp7rbHDjUCWDO1AzUFw=="], ["LIMIT", 1]]
  ↳ app/controllers/users_controller.rb:13
  [1m[36mUser Exists (0.2ms)[0m  [1m[34mSELECT  1 AS one FROM "users" WHERE "users"."username" = $1 LIMIT $2[0m  [["username", "incompetent@rails.me"], ["LIMIT", 1]]
  ↳ app/controllers/users_controller.rb:13
  [1m[36mUser Create (1.1ms)[0m  [1m[32mINSERT INTO "users" ("username", "password_digest", "session_token", "created_at", "updated_at") VALUES ($1, $2, $3, $4, $5) RETURNING "id"[0m  [["username", "incompetent@rails.me"], ["password_digest", "$2a$12$qdHDrVyIcdSHYCXy6PcdM.HVPzYYulC6ZHYN2m.LO1cDm.V4L.05m"], ["session_token", "06G1wHXhV2rQl2XRGgBy7B++uhxbQtyW1DtSaD+FHSI1Q7NcFC3Tzybu0QD72+4Ihyeyp7rbHDjUCWDO1AzUFw=="], ["created_at", "2020-06-29 21:21:51.719093"], ["updated_at", "2020-06-29 21:21:51.719093"]]
  ↳ app/controllers/users_controller.rb:13
  [1m[35m (1.1ms)[0m  [1m[35mCOMMIT[0m
  ↳ app/controllers/users_controller.rb:13
  [1m[35m (0.3ms)[0m  [1m[35mBEGIN[0m
  ↳ app/models/user.rb:36
  [1m[36mUser Exists (0.5ms)[0m  [1m[34mSELECT  1 AS one FROM "users" WHERE "users"."session_token" = $1 AND "users"."id" != $2 LIMIT $3[0m  [["session_token", "Efjb17Q8DTsy4jq0dbtgHl3W6ntFrWlk22sPhg1FjCD4QrrXyIP3gJjybMrmU/dQelsu2omA7Dqv21mhSuy/sQ=="], ["id", 1], ["LIMIT", 1]]
  ↳ app/models/user.rb:36
  [1m[36mUser Exists (0.2ms)[0m  [1m[34mSELECT  1 AS one FROM "users" WHERE "users"."username" = $1 AND "users"."id" != $2 LIMIT $3[0m  [["username", "incompetent@rails.me"], ["id", 1], ["LIMIT", 1]]
  ↳ app/models/user.rb:36
  [1m[36mUser Update (0.4ms)[0m  [1m[33mUPDATE "users" SET "session_token" = $1, "updated_at" = $2 WHERE "users"."id" = $3[0m  [["session_token", "Efjb17Q8DTsy4jq0dbtgHl3W6ntFrWlk22sPhg1FjCD4QrrXyIP3gJjybMrmU/dQelsu2omA7Dqv21mhSuy/sQ=="], ["updated_at", "2020-06-29 21:21:51.726413"], ["id", 1]]
  ↳ app/models/user.rb:36
  [1m[35m (0.3ms)[0m  [1m[35mCOMMIT[0m
  ↳ app/models/user.rb:36
Redirected to http://localhost:3000/users/1
Completed 302 Found in 240ms (ActiveRecord: 5.0ms)


Started GET "/users/1" for ::1 at 2020-06-29 17:21:51 -0400
Processing by UsersController#show as HTML
  Parameters: {"id"=>"1"}
Completed 500 Internal Server Error in 85ms (ActiveRecord: 0.0ms)


  
NoMethodError (undefined method `require_logged_in' for #<UsersController:0x00007f960c16e910>
Did you mean?  require_logged_in!):
  
activesupport (5.2.4.3) lib/active_support/callbacks.rb:426:in `block in make_lambda'
activesupport (5.2.4.3) lib/active_support/callbacks.rb:179:in `block (2 levels) in halting_and_conditional'
actionpack (5.2.4.3) lib/abstract_controller/callbacks.rb:34:in `block (2 levels) in <module:Callbacks>'
activesupport (5.2.4.3) lib/active_support/callbacks.rb:180:in `block in halting_and_conditional'
activesupport (5.2.4.3) lib/active_support/callbacks.rb:513:in `block in invoke_before'
activesupport (5.2.4.3) lib/active_support/callbacks.rb:513:in `each'
activesupport (5.2.4.3) lib/active_support/callbacks.rb:513:in `invoke_before'
activesupport (5.2.4.3) lib/active_support/callbacks.rb:131:in `run_callbacks'
actionpack (5.2.4.3) lib/abstract_controller/callbacks.rb:41:in `process_action'
actionpack (5.2.4.3) lib/action_controller/metal/rescue.rb:22:in `process_action'
actionpack (5.2.4.3) lib/action_controller/metal/instrumentation.rb:34:in `block in process_action'
activesupport (5.2.4.3) lib/active_support/notifications.rb:168:in `block in instrument'
activesupport (5.2.4.3) lib/active_support/notifications/instrumenter.rb:23:in `instrument'
activesupport (5.2.4.3) lib/active_support/notifications.rb:168:in `instrument'
actionpack (5.2.4.3) lib/action_controller/metal/instrumentation.rb:32:in `process_action'
actionpack (5.2.4.3) lib/action_controller/metal/params_wrapper.rb:256:in `process_action'
activerecord (5.2.4.3) lib/active_record/railties/controller_runtime.rb:24:in `process_action'
actionpack (5.2.4.3) lib/abstract_controller/base.rb:134:in `process'
actionview (5.2.4.3) lib/action_view/rendering.rb:32:in `process'
actionpack (5.2.4.3) lib/action_controller/metal.rb:191:in `dispatch'
actionpack (5.2.4.3) lib/action_controller/metal.rb:252:in `dispatch'
actionpack (5.2.4.3) lib/action_dispatch/routing/route_set.rb:52:in `dispatch'
actionpack (5.2.4.3) lib/action_dispatch/routing/route_set.rb:34:in `serve'
actionpack (5.2.4.3) lib/action_dispatch/journey/router.rb:52:in `block in serve'
actionpack (5.2.4.3) lib/action_dispatch/journey/router.rb:35:in `each'
actionpack (5.2.4.3) lib/action_dispatch/journey/router.rb:35:in `serve'
actionpack (5.2.4.3) lib/action_dispatch/routing/route_set.rb:840:in `call'
rack (2.2.3) lib/rack/tempfile_reaper.rb:15:in `call'
rack (2.2.3) lib/rack/etag.rb:27:in `call'
rack (2.2.3) lib/rack/conditional_get.rb:27:in `call'
rack (2.2.3) lib/rack/head.rb:12:in `call'
actionpack (5.2.4.3) lib/action_dispatch/http/content_security_policy.rb:18:in `call'
rack (2.2.3) lib/rack/session/abstract/id.rb:266:in `context'
rack (2.2.3) lib/rack/session/abstract/id.rb:260:in `call'
actionpack (5.2.4.3) lib/action_dispatch/middleware/cookies.rb:670:in `call'
activerecord (5.2.4.3) lib/active_record/migration.rb:559:in `call'
actionpack (5.2.4.3) lib/action_dispatch/middleware/callbacks.rb:28:in `block in call'
activesupport (5.2.4.3) lib/active_support/callbacks.rb:98:in `run_callbacks'
actionpack (5.2.4.3) lib/action_dispatch/middleware/callbacks.rb:26:in `call'
actionpack (5.2.4.3) lib/action_dispatch/middleware/executor.rb:14:in `call'
actionpack (5.2.4.3) lib/action_dispatch/middleware/debug_exceptions.rb:61:in `call'
web-console (3.7.0) lib/web_console/middleware.rb:135:in `call_app'
web-console (3.7.0) lib/web_console/middleware.rb:30:in `block in call'
web-console (3.7.0) lib/web_console/middleware.rb:20:in `catch'
web-console (3.7.0) lib/web_console/middleware.rb:20:in `call'
actionpack (5.2.4.3) lib/action_dispatch/middleware/show_exceptions.rb:33:in `call'
railties (5.2.4.3) lib/rails/rack/logger.rb:38:in `call_app'
railties (5.2.4.3) lib/rails/rack/logger.rb:26:in `block in call'
activesupport (5.2.4.3) lib/active_support/tagged_logging.rb:71:in `block in tagged'
activesupport (5.2.4.3) lib/active_support/tagged_logging.rb:28:in `tagged'
activesupport (5.2.4.3) lib/active_support/tagged_logging.rb:71:in `tagged'
railties (5.2.4.3) lib/rails/rack/logger.rb:26:in `call'
sprockets-rails (3.2.1) lib/sprockets/rails/quiet_assets.rb:13:in `call'
actionpack (5.2.4.3) lib/action_dispatch/middleware/remote_ip.rb:81:in `call'
actionpack (5.2.4.3) lib/action_dispatch/middleware/request_id.rb:27:in `call'
rack (2.2.3) lib/rack/method_override.rb:24:in `call'
rack (2.2.3) lib/rack/runtime.rb:22:in `call'
activesupport (5.2.4.3) lib/active_support/cache/strategy/local_cache_middleware.rb:29:in `call'
actionpack (5.2.4.3) lib/action_dispatch/middleware/executor.rb:14:in `call'
actionpack (5.2.4.3) lib/action_dispatch/middleware/static.rb:127:in `call'
rack (2.2.3) lib/rack/sendfile.rb:110:in `call'
railties (5.2.4.3) lib/rails/engine.rb:524:in `call'
puma (3.12.6) lib/puma/configuration.rb:227:in `call'
puma (3.12.6) lib/puma/server.rb:706:in `handle_request'
puma (3.12.6) lib/puma/server.rb:476:in `process_client'
puma (3.12.6) lib/puma/server.rb:334:in `block in run'
puma (3.12.6) lib/puma/thread_pool.rb:135:in `block in spawn_thread'
Started GET "/users/new" for ::1 at 2020-06-29 17:22:53 -0400
Processing by UsersController#new as HTML
  Rendering users/new.html.erb within layouts/application
  Rendered users/new.html.erb within layouts/application (0.6ms)
Completed 200 OK in 48ms (Views: 27.4ms | ActiveRecord: 5.4ms)


Started POST "/users" for ::1 at 2020-06-29 17:22:55 -0400
Processing by UsersController#create as HTML
  Parameters: {"authenticity_token"=>"9PXcDn+Z5xcVauQurqU+u7q0EVTZEFpo3/l+yLok4R6kQ3SA1h1IHTLzwVpZqxVZCIKN8qhVaz9UNU3+qK58Ag==", "user"=>{"username"=>"incompetent@rails.me", "password"=>"[FILTERED]"}}
  [1m[35m (0.2ms)[0m  [1m[35mBEGIN[0m
  ↳ app/controllers/users_controller.rb:13
  [1m[36mUser Exists (0.3ms)[0m  [1m[34mSELECT  1 AS one FROM "users" WHERE "users"."session_token" = $1 LIMIT $2[0m  [["session_token", "GmI14T2ezdm9HH+nqAi0ensIlPbGC33emjboArwumUsTSWjyJYLMDqBG4jStsbovb+pj308MN6moNqHshVvAyw=="], ["LIMIT", 1]]
  ↳ app/controllers/users_controller.rb:13
  [1m[36mUser Exists (0.2ms)[0m  [1m[34mSELECT  1 AS one FROM "users" WHERE "users"."username" = $1 LIMIT $2[0m  [["username", "incompetent@rails.me"], ["LIMIT", 1]]
  ↳ app/controllers/users_controller.rb:13
  [1m[35m (0.2ms)[0m  [1m[31mROLLBACK[0m
  ↳ app/controllers/users_controller.rb:13
  Rendering users/new.html.erb within layouts/application
  Rendered users/new.html.erb within layouts/application (0.7ms)
Completed 200 OK in 278ms (Views: 27.6ms | ActiveRecord: 0.8ms)


Started POST "/users" for ::1 at 2020-06-29 17:22:57 -0400
Processing by UsersController#create as HTML
  Parameters: {"authenticity_token"=>"YHmSb/IbHfvBSXWEFTwuQV17ahSb6eWa/23lXFoNBt4wzzrhW5+y8ebQUPDiMgWj7032suqs1M10odZqSIebwg==", "user"=>{"username"=>"incompetent@rails.me", "password"=>"[FILTERED]"}}
  [1m[35m (0.3ms)[0m  [1m[35mBEGIN[0m
  ↳ app/controllers/users_controller.rb:13
  [1m[36mUser Exists (0.3ms)[0m  [1m[34mSELECT  1 AS one FROM "users" WHERE "users"."session_token" = $1 LIMIT $2[0m  [["session_token", "Y+EsIp7ik+4vEKC8IK6gahF+oUfnquD8vvm1V5uhiLIqDrGxsw2MMd8wMscDw9zWGSHrhE4qg5CzuoGDqEk4fA=="], ["LIMIT", 1]]
  ↳ app/controllers/users_controller.rb:13
  [1m[36mUser Exists (0.2ms)[0m  [1m[34mSELECT  1 AS one FROM "users" WHERE "users"."username" = $1 LIMIT $2[0m  [["username", "incompetent@rails.me"], ["LIMIT", 1]]
  ↳ app/controllers/users_controller.rb:13
  [1m[35m (0.1ms)[0m  [1m[31mROLLBACK[0m
  ↳ app/controllers/users_controller.rb:13
  Rendering users/new.html.erb within layouts/application
  Rendered users/new.html.erb within layouts/application (0.8ms)
Completed 200 OK in 256ms (Views: 24.4ms | ActiveRecord: 0.9ms)


Started GET "/session" for ::1 at 2020-06-29 17:23:01 -0400
  
ActionController::RoutingError (No route matches [GET] "/session"):
  
actionpack (5.2.4.3) lib/action_dispatch/middleware/debug_exceptions.rb:65:in `call'
web-console (3.7.0) lib/web_console/middleware.rb:135:in `call_app'
web-console (3.7.0) lib/web_console/middleware.rb:30:in `block in call'
web-console (3.7.0) lib/web_console/middleware.rb:20:in `catch'
web-console (3.7.0) lib/web_console/middleware.rb:20:in `call'
actionpack (5.2.4.3) lib/action_dispatch/middleware/show_exceptions.rb:33:in `call'
railties (5.2.4.3) lib/rails/rack/logger.rb:38:in `call_app'
railties (5.2.4.3) lib/rails/rack/logger.rb:26:in `block in call'
activesupport (5.2.4.3) lib/active_support/tagged_logging.rb:71:in `block in tagged'
activesupport (5.2.4.3) lib/active_support/tagged_logging.rb:28:in `tagged'
activesupport (5.2.4.3) lib/active_support/tagged_logging.rb:71:in `tagged'
railties (5.2.4.3) lib/rails/rack/logger.rb:26:in `call'
sprockets-rails (3.2.1) lib/sprockets/rails/quiet_assets.rb:13:in `call'
actionpack (5.2.4.3) lib/action_dispatch/middleware/remote_ip.rb:81:in `call'
actionpack (5.2.4.3) lib/action_dispatch/middleware/request_id.rb:27:in `call'
rack (2.2.3) lib/rack/method_override.rb:24:in `call'
rack (2.2.3) lib/rack/runtime.rb:22:in `call'
activesupport (5.2.4.3) lib/active_support/cache/strategy/local_cache_middleware.rb:29:in `call'
actionpack (5.2.4.3) lib/action_dispatch/middleware/executor.rb:14:in `call'
actionpack (5.2.4.3) lib/action_dispatch/middleware/static.rb:127:in `call'
rack (2.2.3) lib/rack/sendfile.rb:110:in `call'
railties (5.2.4.3) lib/rails/engine.rb:524:in `call'
puma (3.12.6) lib/puma/configuration.rb:227:in `call'
puma (3.12.6) lib/puma/server.rb:706:in `handle_request'
puma (3.12.6) lib/puma/server.rb:476:in `process_client'
puma (3.12.6) lib/puma/server.rb:334:in `block in run'
puma (3.12.6) lib/puma/thread_pool.rb:135:in `block in spawn_thread'
Started GET "/users" for ::1 at 2020-06-29 17:23:16 -0400
  
ActionController::RoutingError (No route matches [GET] "/users"):
  
actionpack (5.2.4.3) lib/action_dispatch/middleware/debug_exceptions.rb:65:in `call'
web-console (3.7.0) lib/web_console/middleware.rb:135:in `call_app'
web-console (3.7.0) lib/web_console/middleware.rb:30:in `block in call'
web-console (3.7.0) lib/web_console/middleware.rb:20:in `catch'
web-console (3.7.0) lib/web_console/middleware.rb:20:in `call'
actionpack (5.2.4.3) lib/action_dispatch/middleware/show_exceptions.rb:33:in `call'
railties (5.2.4.3) lib/rails/rack/logger.rb:38:in `call_app'
railties (5.2.4.3) lib/rails/rack/logger.rb:26:in `block in call'
activesupport (5.2.4.3) lib/active_support/tagged_logging.rb:71:in `block in tagged'
activesupport (5.2.4.3) lib/active_support/tagged_logging.rb:28:in `tagged'
activesupport (5.2.4.3) lib/active_support/tagged_logging.rb:71:in `tagged'
railties (5.2.4.3) lib/rails/rack/logger.rb:26:in `call'
sprockets-rails (3.2.1) lib/sprockets/rails/quiet_assets.rb:13:in `call'
actionpack (5.2.4.3) lib/action_dispatch/middleware/remote_ip.rb:81:in `call'
actionpack (5.2.4.3) lib/action_dispatch/middleware/request_id.rb:27:in `call'
rack (2.2.3) lib/rack/method_override.rb:24:in `call'
rack (2.2.3) lib/rack/runtime.rb:22:in `call'
activesupport (5.2.4.3) lib/active_support/cache/strategy/local_cache_middleware.rb:29:in `call'
actionpack (5.2.4.3) lib/action_dispatch/middleware/executor.rb:14:in `call'
actionpack (5.2.4.3) lib/action_dispatch/middleware/static.rb:127:in `call'
rack (2.2.3) lib/rack/sendfile.rb:110:in `call'
railties (5.2.4.3) lib/rails/engine.rb:524:in `call'
puma (3.12.6) lib/puma/configuration.rb:227:in `call'
puma (3.12.6) lib/puma/server.rb:706:in `handle_request'
puma (3.12.6) lib/puma/server.rb:476:in `process_client'
puma (3.12.6) lib/puma/server.rb:334:in `block in run'
puma (3.12.6) lib/puma/thread_pool.rb:135:in `block in spawn_thread'
Started GET "/users/new" for ::1 at 2020-06-29 17:29:16 -0400
  [1m[35m (1.1ms)[0m  [1m[34mSELECT "schema_migrations"."version" FROM "schema_migrations" ORDER BY "schema_migrations"."version" ASC[0m
  ↳ /Users/matthewgreer/.rbenv/versions/2.5.1/lib/ruby/gems/2.5.0/gems/activerecord-5.2.4.3/lib/active_record/log_subscriber.rb:98
Processing by UsersController#new as HTML
  Rendering users/new.html.erb within layouts/application
  Rendered users/new.html.erb within layouts/application (1.2ms)
Completed 200 OK in 213ms (Views: 189.2ms | ActiveRecord: 6.9ms)


Started POST "/users" for ::1 at 2020-06-29 17:29:18 -0400
Processing by UsersController#create as HTML
  Parameters: {"authenticity_token"=>"rsnRq/y+oYLbCxqrxmwIhd9v8nu1iXykGCHof0Gc01b+f3klVToOiPySP98xYiNnbVlu3cTMTfOT7dtJUxZOSg==", "user"=>{"username"=>"incompetent@rails.me", "password"=>"[FILTERED]"}}
  [1m[35m (0.2ms)[0m  [1m[35mBEGIN[0m
  ↳ app/controllers/users_controller.rb:13
  [1m[36mUser Exists (0.8ms)[0m  [1m[34mSELECT  1 AS one FROM "users" WHERE "users"."session_token" = $1 LIMIT $2[0m  [["session_token", "3Ovfb83rlSl1lac8HTh25ADw6xEEkHV+1Sm5ooL81XvgDl5P5cOWP0LAW3Lq+B+OhtidVHkjIcK9vfT4G0tjbQ=="], ["LIMIT", 1]]
  ↳ app/controllers/users_controller.rb:13
  [1m[36mUser Exists (0.3ms)[0m  [1m[34mSELECT  1 AS one FROM "users" WHERE "users"."username" = $1 LIMIT $2[0m  [["username", "incompetent@rails.me"], ["LIMIT", 1]]
  ↳ app/controllers/users_controller.rb:13
  [1m[35m (0.2ms)[0m  [1m[31mROLLBACK[0m
  ↳ app/controllers/users_controller.rb:13
  Rendering users/new.html.erb within layouts/application
  Rendered users/new.html.erb within layouts/application (0.6ms)
Completed 200 OK in 305ms (Views: 30.5ms | ActiveRecord: 1.5ms)


Started POST "/users" for ::1 at 2020-06-29 17:29:39 -0400
Processing by UsersController#create as HTML
  Parameters: {"authenticity_token"=>"GZ9WHQmMZypzgFRkKDGiH+bQbNr2oBXuxieYQ1Jdog9JKf6ToAjIIFQZcRDfP4n9VObwfIflJLlN66t1QNc/Ew==", "user"=>{"username"=>"frustrated@rails.me", "password"=>"[FILTERED]"}}
  [1m[35m (0.3ms)[0m  [1m[35mBEGIN[0m
  ↳ app/controllers/users_controller.rb:13
  [1m[36mUser Exists (0.3ms)[0m  [1m[34mSELECT  1 AS one FROM "users" WHERE "users"."session_token" = $1 LIMIT $2[0m  [["session_token", "/WP7igEwHF/gK99lCIjns5sldXIhnq5vdsarwNQCCrR8oMj2PfY1mUsp8HqOAbKJjh+TtmxVtrUecZYQ3KgMoA=="], ["LIMIT", 1]]
  ↳ app/controllers/users_controller.rb:13
  [1m[36mUser Exists (0.2ms)[0m  [1m[34mSELECT  1 AS one FROM "users" WHERE "users"."username" = $1 LIMIT $2[0m  [["username", "frustrated@rails.me"], ["LIMIT", 1]]
  ↳ app/controllers/users_controller.rb:13
  [1m[36mUser Create (0.6ms)[0m  [1m[32mINSERT INTO "users" ("username", "password_digest", "session_token", "created_at", "updated_at") VALUES ($1, $2, $3, $4, $5) RETURNING "id"[0m  [["username", "frustrated@rails.me"], ["password_digest", "$2a$12$Oc.5VxqckPeL/Wwu3Ls/AONjQo97zTDlKCc7zU1jAhmHlE/AZ1kWa"], ["session_token", "/WP7igEwHF/gK99lCIjns5sldXIhnq5vdsarwNQCCrR8oMj2PfY1mUsp8HqOAbKJjh+TtmxVtrUecZYQ3KgMoA=="], ["created_at", "2020-06-29 21:29:39.444282"], ["updated_at", "2020-06-29 21:29:39.444282"]]
  ↳ app/controllers/users_controller.rb:13
  [1m[35m (0.6ms)[0m  [1m[35mCOMMIT[0m
  ↳ app/controllers/users_controller.rb:13
  [1m[35m (0.1ms)[0m  [1m[35mBEGIN[0m
  ↳ app/models/user.rb:36
  [1m[36mUser Exists (0.4ms)[0m  [1m[34mSELECT  1 AS one FROM "users" WHERE "users"."session_token" = $1 AND "users"."id" != $2 LIMIT $3[0m  [["session_token", "ynykt5z5ecN4QQRGeR5dSfAMGjAc9ePmI4tRf+Gd8tcDQpI+UbCTnvxdDMdDM4C8XDIpTgLoP38z1X1kRca0hg=="], ["id", 2], ["LIMIT", 1]]
  ↳ app/models/user.rb:36
  [1m[36mUser Exists (0.2ms)[0m  [1m[34mSELECT  1 AS one FROM "users" WHERE "users"."username" = $1 AND "users"."id" != $2 LIMIT $3[0m  [["username", "frustrated@rails.me"], ["id", 2], ["LIMIT", 1]]
  ↳ app/models/user.rb:36
  [1m[36mUser Update (0.4ms)[0m  [1m[33mUPDATE "users" SET "session_token" = $1, "updated_at" = $2 WHERE "users"."id" = $3[0m  [["session_token", "ynykt5z5ecN4QQRGeR5dSfAMGjAc9ePmI4tRf+Gd8tcDQpI+UbCTnvxdDMdDM4C8XDIpTgLoP38z1X1kRca0hg=="], ["updated_at", "2020-06-29 21:29:39.449212"], ["id", 2]]
  ↳ app/models/user.rb:36
  [1m[35m (0.3ms)[0m  [1m[35mCOMMIT[0m
  ↳ app/models/user.rb:36
Redirected to http://localhost:3000/users/2
Completed 302 Found in 241ms (ActiveRecord: 3.4ms)


Started GET "/users/2" for ::1 at 2020-06-29 17:29:39 -0400
Processing by UsersController#show as HTML
  Parameters: {"id"=>"2"}
  [1m[36mUser Load (0.2ms)[0m  [1m[34mSELECT  "users".* FROM "users" WHERE "users"."session_token" = $1 LIMIT $2[0m  [["session_token", "ynykt5z5ecN4QQRGeR5dSfAMGjAc9ePmI4tRf+Gd8tcDQpI+UbCTnvxdDMdDM4C8XDIpTgLoP38z1X1kRca0hg=="], ["LIMIT", 1]]
  ↳ app/controllers/application_controller.rb:5
  [1m[36mUser Load (1.7ms)[0m  [1m[34mSELECT  "users".* FROM "users" WHERE (2) LIMIT $1[0m  [["LIMIT", 1]]
  ↳ app/controllers/users_controller.rb:24
Completed 500 Internal Server Error in 11ms (ActiveRecord: 2.0ms)



ActiveRecord::StatementInvalid - PG::DatatypeMismatch: ERROR:  argument of WHERE must be type boolean, not type integer
LINE 1: SELECT  "users".* FROM "users" WHERE (2) LIMIT $1
                                              ^
: SELECT  "users".* FROM "users" WHERE (2) LIMIT $1:
  app/controllers/users_controller.rb:24:in `show'

Started POST "/__better_errors/6b22814986453c55/variables" for ::1 at 2020-06-29 17:29:39 -0400
Started GET "/users" for ::1 at 2020-06-29 17:30:16 -0400
  
ActionController::RoutingError (No route matches [GET] "/users"):
  
actionpack (5.2.4.3) lib/action_dispatch/middleware/debug_exceptions.rb:65:in `call'
web-console (3.7.0) lib/web_console/middleware.rb:135:in `call_app'
web-console (3.7.0) lib/web_console/middleware.rb:30:in `block in call'
web-console (3.7.0) lib/web_console/middleware.rb:20:in `catch'
web-console (3.7.0) lib/web_console/middleware.rb:20:in `call'
actionpack (5.2.4.3) lib/action_dispatch/middleware/show_exceptions.rb:33:in `call'
railties (5.2.4.3) lib/rails/rack/logger.rb:38:in `call_app'
railties (5.2.4.3) lib/rails/rack/logger.rb:26:in `block in call'
activesupport (5.2.4.3) lib/active_support/tagged_logging.rb:71:in `block in tagged'
activesupport (5.2.4.3) lib/active_support/tagged_logging.rb:28:in `tagged'
activesupport (5.2.4.3) lib/active_support/tagged_logging.rb:71:in `tagged'
railties (5.2.4.3) lib/rails/rack/logger.rb:26:in `call'
sprockets-rails (3.2.1) lib/sprockets/rails/quiet_assets.rb:13:in `call'
actionpack (5.2.4.3) lib/action_dispatch/middleware/remote_ip.rb:81:in `call'
actionpack (5.2.4.3) lib/action_dispatch/middleware/request_id.rb:27:in `call'
rack (2.2.3) lib/rack/method_override.rb:24:in `call'
rack (2.2.3) lib/rack/runtime.rb:22:in `call'
activesupport (5.2.4.3) lib/active_support/cache/strategy/local_cache_middleware.rb:29:in `call'
actionpack (5.2.4.3) lib/action_dispatch/middleware/executor.rb:14:in `call'
actionpack (5.2.4.3) lib/action_dispatch/middleware/static.rb:127:in `call'
rack (2.2.3) lib/rack/sendfile.rb:110:in `call'
railties (5.2.4.3) lib/rails/engine.rb:524:in `call'
puma (3.12.6) lib/puma/configuration.rb:227:in `call'
puma (3.12.6) lib/puma/server.rb:706:in `handle_request'
puma (3.12.6) lib/puma/server.rb:476:in `process_client'
puma (3.12.6) lib/puma/server.rb:334:in `block in run'
puma (3.12.6) lib/puma/thread_pool.rb:135:in `block in spawn_thread'
Started GET "/users" for ::1 at 2020-06-29 17:30:19 -0400
  
ActionController::RoutingError (No route matches [GET] "/users"):
  
actionpack (5.2.4.3) lib/action_dispatch/middleware/debug_exceptions.rb:65:in `call'
web-console (3.7.0) lib/web_console/middleware.rb:135:in `call_app'
web-console (3.7.0) lib/web_console/middleware.rb:30:in `block in call'
web-console (3.7.0) lib/web_console/middleware.rb:20:in `catch'
web-console (3.7.0) lib/web_console/middleware.rb:20:in `call'
actionpack (5.2.4.3) lib/action_dispatch/middleware/show_exceptions.rb:33:in `call'
railties (5.2.4.3) lib/rails/rack/logger.rb:38:in `call_app'
railties (5.2.4.3) lib/rails/rack/logger.rb:26:in `block in call'
activesupport (5.2.4.3) lib/active_support/tagged_logging.rb:71:in `block in tagged'
activesupport (5.2.4.3) lib/active_support/tagged_logging.rb:28:in `tagged'
activesupport (5.2.4.3) lib/active_support/tagged_logging.rb:71:in `tagged'
railties (5.2.4.3) lib/rails/rack/logger.rb:26:in `call'
sprockets-rails (3.2.1) lib/sprockets/rails/quiet_assets.rb:13:in `call'
actionpack (5.2.4.3) lib/action_dispatch/middleware/remote_ip.rb:81:in `call'
actionpack (5.2.4.3) lib/action_dispatch/middleware/request_id.rb:27:in `call'
rack (2.2.3) lib/rack/method_override.rb:24:in `call'
rack (2.2.3) lib/rack/runtime.rb:22:in `call'
activesupport (5.2.4.3) lib/active_support/cache/strategy/local_cache_middleware.rb:29:in `call'
actionpack (5.2.4.3) lib/action_dispatch/middleware/executor.rb:14:in `call'
actionpack (5.2.4.3) lib/action_dispatch/middleware/static.rb:127:in `call'
rack (2.2.3) lib/rack/sendfile.rb:110:in `call'
railties (5.2.4.3) lib/rails/engine.rb:524:in `call'
puma (3.12.6) lib/puma/configuration.rb:227:in `call'
puma (3.12.6) lib/puma/server.rb:706:in `handle_request'
puma (3.12.6) lib/puma/server.rb:476:in `process_client'
puma (3.12.6) lib/puma/server.rb:334:in `block in run'
puma (3.12.6) lib/puma/thread_pool.rb:135:in `block in spawn_thread'
Started GET "/users/new" for ::1 at 2020-06-29 17:30:24 -0400
Processing by UsersController#new as HTML
  Rendering users/new.html.erb within layouts/application
  Rendered users/new.html.erb within layouts/application (0.7ms)
Completed 200 OK in 60ms (Views: 39.5ms | ActiveRecord: 6.6ms)


Started POST "/users" for ::1 at 2020-06-29 17:30:38 -0400
Processing by UsersController#create as HTML
  Parameters: {"authenticity_token"=>"b9FTXotor/1W/Nc1Ul3VdBrkhHJ1yfxLZfHx+o9LPRA/Z/vQIuwA93Fl8kGlU/6WqNIY1ASMzRzuPcLMncGgDA==", "user"=>{"username"=>"new@rails.me", "password"=>"[FILTERED]"}}
  [1m[35m (0.2ms)[0m  [1m[35mBEGIN[0m
  ↳ app/controllers/users_controller.rb:13
  [1m[36mUser Exists (0.3ms)[0m  [1m[34mSELECT  1 AS one FROM "users" WHERE "users"."session_token" = $1 LIMIT $2[0m  [["session_token", "8md9xMAAkLoOxIlO1UKdEZN1d+qF9hB04AUqLGdtLDHYg7dt8+CPNJZR/j224URv9ZCWqsn/zpaRLHvzHFrqVQ=="], ["LIMIT", 1]]
  ↳ app/controllers/users_controller.rb:13
  [1m[36mUser Exists (0.3ms)[0m  [1m[34mSELECT  1 AS one FROM "users" WHERE "users"."username" = $1 LIMIT $2[0m  [["username", "new@rails.me"], ["LIMIT", 1]]
  ↳ app/controllers/users_controller.rb:13
  [1m[36mUser Create (0.3ms)[0m  [1m[32mINSERT INTO "users" ("username", "password_digest", "session_token", "created_at", "updated_at") VALUES ($1, $2, $3, $4, $5) RETURNING "id"[0m  [["username", "new@rails.me"], ["password_digest", "$2a$12$fe31Tox2FttOT1IpDM/dg.V8uqHL2aodjVa/O6FR5/Ew1lm6whkVq"], ["session_token", "8md9xMAAkLoOxIlO1UKdEZN1d+qF9hB04AUqLGdtLDHYg7dt8+CPNJZR/j224URv9ZCWqsn/zpaRLHvzHFrqVQ=="], ["created_at", "2020-06-29 21:30:38.287552"], ["updated_at", "2020-06-29 21:30:38.287552"]]
  ↳ app/controllers/users_controller.rb:13
  [1m[35m (0.2ms)[0m  [1m[35mCOMMIT[0m
  ↳ app/controllers/users_controller.rb:13
  [1m[35m (0.1ms)[0m  [1m[35mBEGIN[0m
  ↳ app/models/user.rb:36
  [1m[36mUser Exists (0.2ms)[0m  [1m[34mSELECT  1 AS one FROM "users" WHERE "users"."session_token" = $1 AND "users"."id" != $2 LIMIT $3[0m  [["session_token", "lQtuwwadSSV8Dim0SDhP2pFiOT1YV95VGx2WgLvz0Ttc4k7aERE//n0srzNkM+b/3HxQ6J+oonnNE3KihmsKtg=="], ["id", 3], ["LIMIT", 1]]
  ↳ app/models/user.rb:36
  [1m[36mUser Exists (0.2ms)[0m  [1m[34mSELECT  1 AS one FROM "users" WHERE "users"."username" = $1 AND "users"."id" != $2 LIMIT $3[0m  [["username", "new@rails.me"], ["id", 3], ["LIMIT", 1]]
  ↳ app/models/user.rb:36
  [1m[36mUser Update (0.3ms)[0m  [1m[33mUPDATE "users" SET "session_token" = $1, "updated_at" = $2 WHERE "users"."id" = $3[0m  [["session_token", "lQtuwwadSSV8Dim0SDhP2pFiOT1YV95VGx2WgLvz0Ttc4k7aERE//n0srzNkM+b/3HxQ6J+oonnNE3KihmsKtg=="], ["updated_at", "2020-06-29 21:30:38.291328"], ["id", 3]]
  ↳ app/models/user.rb:36
  [1m[35m (0.2ms)[0m  [1m[35mCOMMIT[0m
  ↳ app/models/user.rb:36
Redirected to http://localhost:3000/users/3
Completed 302 Found in 246ms (ActiveRecord: 2.3ms)


Started GET "/users/3" for ::1 at 2020-06-29 17:30:38 -0400
Processing by UsersController#show as HTML
  Parameters: {"id"=>"3"}
  [1m[36mUser Load (0.3ms)[0m  [1m[34mSELECT  "users".* FROM "users" WHERE "users"."session_token" = $1 LIMIT $2[0m  [["session_token", "lQtuwwadSSV8Dim0SDhP2pFiOT1YV95VGx2WgLvz0Ttc4k7aERE//n0srzNkM+b/3HxQ6J+oonnNE3KihmsKtg=="], ["LIMIT", 1]]
  ↳ app/controllers/application_controller.rb:5
  [1m[36mUser Load (0.2ms)[0m  [1m[34mSELECT  "users".* FROM "users" WHERE "users"."id" = $1 LIMIT $2[0m  [["id", 3], ["LIMIT", 1]]
  ↳ app/controllers/users_controller.rb:24
Completed 500 Internal Server Error in 8ms (ActiveRecord: 0.5ms)



ActionView::MissingTemplate - Missing template users/show, application/show with {:locale=>[:en], :formats=>[:html], :variants=>[], :handlers=>[:raw, :erb, :html, :builder, :ruby, :coffee, :jbuilder]}. Searched in:
  * "/Users/matthewgreer/Desktop/app_acad/classwork/w8d1/reddit_clone/app/views"
:
  app/controllers/users_controller.rb:25:in `show'

Started POST "/__better_errors/8aab1538ece8d0cf/variables" for ::1 at 2020-06-29 17:30:38 -0400
Started GET "/users/3" for ::1 at 2020-06-29 17:32:36 -0400
Processing by UsersController#show as HTML
  Parameters: {"id"=>"3"}
  [1m[36mUser Load (0.3ms)[0m  [1m[34mSELECT  "users".* FROM "users" WHERE "users"."session_token" = $1 LIMIT $2[0m  [["session_token", "lQtuwwadSSV8Dim0SDhP2pFiOT1YV95VGx2WgLvz0Ttc4k7aERE//n0srzNkM+b/3HxQ6J+oonnNE3KihmsKtg=="], ["LIMIT", 1]]
  ↳ app/controllers/application_controller.rb:5
  [1m[36mUser Load (0.3ms)[0m  [1m[34mSELECT  "users".* FROM "users" WHERE "users"."id" = $1 LIMIT $2[0m  [["id", 3], ["LIMIT", 1]]
  ↳ app/controllers/users_controller.rb:24
  Rendering users/show.html.erb within layouts/application
  Rendered users/show.html.erb within layouts/application (0.3ms)
Completed 200 OK in 34ms (Views: 31.2ms | ActiveRecord: 0.6ms)


Started GET "/posts/new" for ::1 at 2020-06-29 17:33:04 -0400
Processing by PostsController#new as HTML
  [1m[36mUser Load (0.3ms)[0m  [1m[34mSELECT  "users".* FROM "users" WHERE "users"."session_token" = $1 LIMIT $2[0m  [["session_token", "lQtuwwadSSV8Dim0SDhP2pFiOT1YV95VGx2WgLvz0Ttc4k7aERE//n0srzNkM+b/3HxQ6J+oonnNE3KihmsKtg=="], ["LIMIT", 1]]
  ↳ app/controllers/application_controller.rb:5
  Rendering posts/new.html.erb within layouts/application
  Rendered posts/new.html.erb within layouts/application (346.3ms)
Completed 500 Internal Server Error in 373ms (ActiveRecord: 5.2ms)



ActionView::Template::Error - undefined local variable or method `post' for #<#<Class:0x00007f83702f8e60>:0x00007f83606db0b0>
Did you mean?  @post:
  app/views/posts/new.html.erb:6:in `view template'
  app/controllers/posts_controller.rb:7:in `new'

Started POST "/__better_errors/957f0dcfa8538d23/variables" for ::1 at 2020-06-29 17:33:05 -0400
Started GET "/posts/new" for ::1 at 2020-06-29 17:34:16 -0400
Processing by PostsController#new as HTML
  [1m[36mUser Load (0.7ms)[0m  [1m[34mSELECT  "users".* FROM "users" WHERE "users"."session_token" = $1 LIMIT $2[0m  [["session_token", "lQtuwwadSSV8Dim0SDhP2pFiOT1YV95VGx2WgLvz0Ttc4k7aERE//n0srzNkM+b/3HxQ6J+oonnNE3KihmsKtg=="], ["LIMIT", 1]]
  ↳ app/controllers/application_controller.rb:5
  Rendering posts/new.html.erb within layouts/application
  [1m[36mSub Load (1.7ms)[0m  [1m[34mSELECT "subs".* FROM "subs"[0m
  ↳ app/views/posts/new.html.erb:21
  Rendered posts/new.html.erb within layouts/application (23.0ms)
Completed 200 OK in 61ms (Views: 55.6ms | ActiveRecord: 3.9ms)


  [1m[36mSub Load (0.8ms)[0m  [1m[34mSELECT "subs".* FROM "subs"[0m
  [1m[35m (0.2ms)[0m  [1m[35mBEGIN[0m
  [1m[35m (0.2ms)[0m  [1m[31mROLLBACK[0m
Started GET "/posts/new" for ::1 at 2020-06-29 17:37:31 -0400
Processing by PostsController#new as HTML
  [1m[36mUser Load (0.3ms)[0m  [1m[34mSELECT  "users".* FROM "users" WHERE "users"."session_token" = $1 LIMIT $2[0m  [["session_token", "lQtuwwadSSV8Dim0SDhP2pFiOT1YV95VGx2WgLvz0Ttc4k7aERE//n0srzNkM+b/3HxQ6J+oonnNE3KihmsKtg=="], ["LIMIT", 1]]
  ↳ app/controllers/application_controller.rb:5
  Rendering posts/new.html.erb within layouts/application
  [1m[36mSub Load (0.3ms)[0m  [1m[34mSELECT "subs".* FROM "subs"[0m
  ↳ app/views/posts/new.html.erb:21
  Rendered posts/new.html.erb within layouts/application (1.7ms)
Completed 200 OK in 36ms (Views: 33.4ms | ActiveRecord: 0.6ms)


Started GET "/posts/new" for ::1 at 2020-06-29 17:37:32 -0400
Processing by PostsController#new as HTML
  [1m[36mUser Load (0.2ms)[0m  [1m[34mSELECT  "users".* FROM "users" WHERE "users"."session_token" = $1 LIMIT $2[0m  [["session_token", "lQtuwwadSSV8Dim0SDhP2pFiOT1YV95VGx2WgLvz0Ttc4k7aERE//n0srzNkM+b/3HxQ6J+oonnNE3KihmsKtg=="], ["LIMIT", 1]]
  ↳ app/controllers/application_controller.rb:5
  Rendering posts/new.html.erb within layouts/application
  [1m[36mSub Load (0.3ms)[0m  [1m[34mSELECT "subs".* FROM "subs"[0m
  ↳ app/views/posts/new.html.erb:21
  Rendered posts/new.html.erb within layouts/application (10.2ms)
Completed 200 OK in 38ms (Views: 36.3ms | ActiveRecord: 0.5ms)


Started GET "/posts/new" for ::1 at 2020-06-29 17:37:33 -0400
Processing by PostsController#new as HTML
  [1m[36mUser Load (0.2ms)[0m  [1m[34mSELECT  "users".* FROM "users" WHERE "users"."session_token" = $1 LIMIT $2[0m  [["session_token", "lQtuwwadSSV8Dim0SDhP2pFiOT1YV95VGx2WgLvz0Ttc4k7aERE//n0srzNkM+b/3HxQ6J+oonnNE3KihmsKtg=="], ["LIMIT", 1]]
  ↳ app/controllers/application_controller.rb:5
  Rendering posts/new.html.erb within layouts/application
  [1m[36mSub Load (0.3ms)[0m  [1m[34mSELECT "subs".* FROM "subs"[0m
  ↳ app/views/posts/new.html.erb:21
  Rendered posts/new.html.erb within layouts/application (1.3ms)
Completed 200 OK in 27ms (Views: 26.1ms | ActiveRecord: 0.4ms)


  [1m[35m (0.2ms)[0m  [1m[35mBEGIN[0m
  [1m[36mUser Load (0.6ms)[0m  [1m[34mSELECT  "users".* FROM "users" WHERE "users"."id" = $1 LIMIT $2[0m  [["id", 3], ["LIMIT", 1]]
  [1m[36mSub Create (1.1ms)[0m  [1m[32mINSERT INTO "subs" ("id", "title", "description", "moderator_id", "created_at", "updated_at") VALUES ($1, $2, $3, $4, $5, $6) RETURNING "id"[0m  [["id", 1], ["title", "My Sub"], ["description", "It's a sub!"], ["moderator_id", 3], ["created_at", "2020-06-29 21:37:45.224023"], ["updated_at", "2020-06-29 21:37:45.224023"]]
  [1m[35m (0.7ms)[0m  [1m[35mCOMMIT[0m
Started GET "/posts/new" for ::1 at 2020-06-29 17:37:49 -0400
Processing by PostsController#new as HTML
  [1m[36mUser Load (0.2ms)[0m  [1m[34mSELECT  "users".* FROM "users" WHERE "users"."session_token" = $1 LIMIT $2[0m  [["session_token", "lQtuwwadSSV8Dim0SDhP2pFiOT1YV95VGx2WgLvz0Ttc4k7aERE//n0srzNkM+b/3HxQ6J+oonnNE3KihmsKtg=="], ["LIMIT", 1]]
  ↳ app/controllers/application_controller.rb:5
  Rendering posts/new.html.erb within layouts/application
  [1m[36mSub Load (0.3ms)[0m  [1m[34mSELECT "subs".* FROM "subs"[0m
  ↳ app/views/posts/new.html.erb:21
  Rendered posts/new.html.erb within layouts/application (17.9ms)
Completed 500 Internal Server Error in 27ms (ActiveRecord: 3.0ms)



ActionView::Template::Error - undefined method `sub_ids' for #<Post:0x00007f8390bccd50>
Did you mean?  sub_id
               sub_id?
               sub_id=:
  app/views/posts/new.html.erb:28:in `view template'
  app/controllers/posts_controller.rb:7:in `new'

Started POST "/__better_errors/62ba0a6891a78cc6/variables" for ::1 at 2020-06-29 17:37:49 -0400
Started GET "/users/3" for ::1 at 2020-06-29 17:39:22 -0400
Processing by UsersController#show as HTML
  Parameters: {"id"=>"3"}
  [1m[36mUser Load (0.2ms)[0m  [1m[34mSELECT  "users".* FROM "users" WHERE "users"."session_token" = $1 LIMIT $2[0m  [["session_token", "lQtuwwadSSV8Dim0SDhP2pFiOT1YV95VGx2WgLvz0Ttc4k7aERE//n0srzNkM+b/3HxQ6J+oonnNE3KihmsKtg=="], ["LIMIT", 1]]
  ↳ app/controllers/application_controller.rb:5
  [1m[36mUser Load (0.2ms)[0m  [1m[34mSELECT  "users".* FROM "users" WHERE "users"."id" = $1 LIMIT $2[0m  [["id", 3], ["LIMIT", 1]]
  ↳ app/controllers/users_controller.rb:24
  Rendering users/show.html.erb within layouts/application
  Rendered users/show.html.erb within layouts/application (0.6ms)
Completed 200 OK in 30ms (Views: 28.3ms | ActiveRecord: 0.4ms)


Started POST "/__better_errors/62ba0a6891a78cc6/variables" for ::1 at 2020-06-29 17:39:24 -0400
Started GET "/posts/new" for ::1 at 2020-06-29 17:39:25 -0400
Processing by PostsController#new as HTML
  [1m[36mUser Load (0.2ms)[0m  [1m[34mSELECT  "users".* FROM "users" WHERE "users"."session_token" = $1 LIMIT $2[0m  [["session_token", "lQtuwwadSSV8Dim0SDhP2pFiOT1YV95VGx2WgLvz0Ttc4k7aERE//n0srzNkM+b/3HxQ6J+oonnNE3KihmsKtg=="], ["LIMIT", 1]]
  ↳ app/controllers/application_controller.rb:5
  Rendering posts/new.html.erb within layouts/application
  [1m[36mSub Load (0.4ms)[0m  [1m[34mSELECT "subs".* FROM "subs"[0m
  ↳ app/views/posts/new.html.erb:21
  Rendered posts/new.html.erb within layouts/application (14.9ms)
Completed 500 Internal Server Error in 23ms (ActiveRecord: 0.5ms)



ActionView::Template::Error - undefined method `sub_ids' for #<Post:0x00007f839094fbb8>
Did you mean?  sub_id
               sub_id?
               sub_id=:
  app/views/posts/new.html.erb:28:in `view template'
  app/controllers/posts_controller.rb:7:in `new'

Started POST "/__better_errors/43741699c2e6f157/variables" for ::1 at 2020-06-29 17:39:25 -0400
